<?xml version="1.0" encoding="UTF-8"?>
<testng-results ignored="0" total="1" passed="1" failed="0" skipped="0">
  <reporter-output>
  </reporter-output>
  <suite started-at="2023-04-26T17:23:36 IST" name="Default suite" finished-at="2023-04-26T17:23:37 IST" duration-ms="1620">
    <groups>
    </groups>
    <test started-at="2023-04-26T17:23:36 IST" name="Default test" finished-at="2023-04-26T17:23:37 IST" duration-ms="1620">
      <class name="DemoTest.Parameter">
        <test-method signature="display()[pri:0, instance:DemoTest.Parameter@661972b0]" started-at="2023-04-26T17:23:36 IST" name="display" finished-at="2023-04-26T17:23:37 IST" duration-ms="1545" status="PASS">
          <reporter-output>
          </reporter-output>
        </test-method> <!-- display -->
      </class> <!-- DemoTest.Parameter -->
    </test> <!-- Default test -->
  </suite> <!-- Default suite -->
</testng-results>
