<?xml version="1.0" encoding="UTF-8"?>
<testng-results ignored="0" total="1" passed="1" failed="0" skipped="0">
  <reporter-output>
  </reporter-output>
  <suite started-at="2023-04-19T19:52:19 IST" name="Default suite" finished-at="2023-04-19T19:52:21 IST" duration-ms="2791">
    <groups>
    </groups>
    <test started-at="2023-04-19T19:52:19 IST" name="Default test" finished-at="2023-04-19T19:52:21 IST" duration-ms="2791">
      <class name="DemoTest.Parameter">
        <test-method signature="display()[pri:0, instance:DemoTest.Parameter@323b36e0]" started-at="2023-04-19T19:52:19 IST" name="display" finished-at="2023-04-19T19:52:21 IST" duration-ms="2726" status="PASS">
          <reporter-output>
          </reporter-output>
        </test-method> <!-- display -->
      </class> <!-- DemoTest.Parameter -->
    </test> <!-- Default test -->
  </suite> <!-- Default suite -->
</testng-results>
